Arguments: 
  /Users/damiano.melcarne/.nvm/versions/node/v16.14.0/bin/node /usr/local/Cellar/yarn/1.22.4/libexec/bin/yarn.js add @unqork/angular-viewport-watc

PATH: 
  /usr/local/sbin:/usr/local/opt/sqlite/bin:/Users/damiano.melcarne/.nvm/versions/node/v16.14.0/bin:/usr/local/opt/ruby/bin:/usr/local/bin:/usr/bin:/bin:/usr/sbin:/sbin:/Library/Apple/usr/bin:/Users/damiano.melcarne/Library/Android/sdk/emulator:/Users/damiano.melcarne/Library/Android/sdk/tools:/Users/damiano.melcarne/Library/Android/sdk/tools/bin:/Users/damiano.melcarne/Library/Android/sdk/platform-tools

Yarn version: 
  1.22.4

Node version: 
  16.14.0

Platform: 
  darwin x64

Trace: 
  Error: https://registry.yarnpkg.com/scrollMonitor: Not found
      at Request.params.callback [as _callback] (/usr/local/Cellar/yarn/1.22.4/libexec/lib/cli.js:66987:18)
      at Request.self.callback (/usr/local/Cellar/yarn/1.22.4/libexec/lib/cli.js:140748:22)
      at Request.emit (node:events:520:28)
      at Request.<anonymous> (/usr/local/Cellar/yarn/1.22.4/libexec/lib/cli.js:141720:10)
      at Request.emit (node:events:520:28)
      at IncomingMessage.<anonymous> (/usr/local/Cellar/yarn/1.22.4/libexec/lib/cli.js:141642:12)
      at Object.onceWrapper (node:events:639:28)
      at IncomingMessage.emit (node:events:532:35)
      at endReadableNT (node:internal/streams/readable:1346:12)
      at processTicksAndRejections (node:internal/process/task_queues:83:21)

npm manifest: 
  {
    "name": "@unqork/angular-viewport-watch",
    "version": "0.1.4",
    "dependencies": {
      "angular": "^1.2.0",
      "scrollMonitor": "git@github.com:stutrek/scrollMonitor.git#v1.0.12"
    },
    "devDependencies": {
      "angular-mocks": "^1.2.0",
      "es5-shim": "~4.0.5",
      "ng-stats": "~2.0.1"
    },
    "engines": {
      "node": ">=0.8.0"
    },
    "scripts": {},
    "private": false,
    "publishConfig": {},
    "description": "Improves performance of long elmeent lists in AngularJS by disabling watchers for elements that are not displayed inside the user's viewport.",
    "main": "angular-viewport-watch.js",
    "directories": {
      "test": "test"
    },
    "repository": {
      "type": "git",
      "url": "git@bitbucket.org:unqork/angular-viewport-watch"
    },
    "author": "Damiano Melcarne <damiano.melcarne-x@unqork.com>",
    "license": "MIT",
    "bugs": {},
    "homepage": "git@bitbucket.org:unqork/angular-viewport-watch#readme"
  }

yarn manifest: 
  No manifest

Lockfile: 
  No lockfile
